<?xml version="1.0" encoding="UTF-8"?>
<!-- Generated by org.testng.reporters.JUnitReportReporter -->
<testsuite hostname="DESKTOP-0VQF23E" failures="0" tests="1" name="runner.LoginWithCucumber_TC_002" time="21.316" errors="0" timestamp="2024-09-07T18:31:22 IST" skipped="0">
  <testcase classname="runner.LoginWithCucumber_TC_002" name="runScenario" time="21.316"/>
  <system-out/>
</testsuite> <!-- runner.LoginWithCucumber_TC_002 -->
