<?xml version="1.0" encoding="UTF-8"?>
<!-- Generated by org.testng.reporters.JUnitReportReporter -->
<testsuite hostname="DESKTOP-0VQF23E" failures="0" tests="1" name="runner.LoginwithLang" time="13.876" errors="0" timestamp="2024-09-01T17:11:30 IST" skipped="0">
  <testcase classname="runner.LoginwithLang" name="runnerz" time="13.876"/>
  <system-out/>
</testsuite> <!-- runner.LoginwithLang -->
