<?xml version="1.0" encoding="UTF-8"?>
<!-- Generated by org.testng.reporters.JUnitReportReporter -->
<testsuite hostname="DESKTOP-0VQF23E" failures="0" tests="1" name="runner.Login_TC_001" time="15.837" errors="0" timestamp="2024-09-07T18:26:57 IST" skipped="0">
  <testcase classname="runner.Login_TC_001" name="runnerz" time="15.837"/>
  <system-out/>
</testsuite> <!-- runner.Login_TC_001 -->
